D:\projects\Thread\Thread\cppunit-1.12.1\src\cppunit\.\Debug_vs10\cppunitd.lib
D:\PROJECTS\THREAD\THREAD\CPPUNIT-1.12.1\SRC\CPPUNIT\DEBUG\ADDITIONALMESSAGE.OBJ
D:\PROJECTS\THREAD\THREAD\CPPUNIT-1.12.1\SRC\CPPUNIT\DEBUG\ASSERTER.OBJ
D:\PROJECTS\THREAD\THREAD\CPPUNIT-1.12.1\SRC\CPPUNIT\DEBUG\BEOSDYNAMICLIBRARYMANAGER.OBJ
D:\PROJECTS\THREAD\THREAD\CPPUNIT-1.12.1\SRC\CPPUNIT\DEBUG\BRIEFTESTPROGRESSLISTENER.OBJ
D:\PROJECTS\THREAD\THREAD\CPPUNIT-1.12.1\SRC\CPPUNIT\DEBUG\COMPILEROUTPUTTER.OBJ
D:\PROJECTS\THREAD\THREAD\CPPUNIT-1.12.1\SRC\CPPUNIT\DEBUG\DEFAULTPROTECTOR.OBJ
D:\PROJECTS\THREAD\THREAD\CPPUNIT-1.12.1\SRC\CPPUNIT\DEBUG\DYNAMICLIBRARYMANAGER.OBJ
D:\PROJECTS\THREAD\THREAD\CPPUNIT-1.12.1\SRC\CPPUNIT\DEBUG\DYNAMICLIBRARYMANAGEREXCEPTION.OBJ
D:\PROJECTS\THREAD\THREAD\CPPUNIT-1.12.1\SRC\CPPUNIT\DEBUG\EXCEPTION.OBJ
D:\PROJECTS\THREAD\THREAD\CPPUNIT-1.12.1\SRC\CPPUNIT\DEBUG\MESSAGE.OBJ
D:\PROJECTS\THREAD\THREAD\CPPUNIT-1.12.1\SRC\CPPUNIT\DEBUG\PLUGINMANAGER.OBJ
D:\PROJECTS\THREAD\THREAD\CPPUNIT-1.12.1\SRC\CPPUNIT\DEBUG\PLUGINPARAMETERS.OBJ
D:\PROJECTS\THREAD\THREAD\CPPUNIT-1.12.1\SRC\CPPUNIT\DEBUG\PROTECTOR.OBJ
D:\PROJECTS\THREAD\THREAD\CPPUNIT-1.12.1\SRC\CPPUNIT\DEBUG\PROTECTORCHAIN.OBJ
D:\PROJECTS\THREAD\THREAD\CPPUNIT-1.12.1\SRC\CPPUNIT\DEBUG\REPEATEDTEST.OBJ
D:\PROJECTS\THREAD\THREAD\CPPUNIT-1.12.1\SRC\CPPUNIT\DEBUG\SHLDYNAMICLIBRARYMANAGER.OBJ
D:\PROJECTS\THREAD\THREAD\CPPUNIT-1.12.1\SRC\CPPUNIT\DEBUG\SOURCELINE.OBJ
D:\PROJECTS\THREAD\THREAD\CPPUNIT-1.12.1\SRC\CPPUNIT\DEBUG\STRINGTOOLS.OBJ
D:\PROJECTS\THREAD\THREAD\CPPUNIT-1.12.1\SRC\CPPUNIT\DEBUG\SYNCHRONIZEDOBJECT.OBJ
D:\PROJECTS\THREAD\THREAD\CPPUNIT-1.12.1\SRC\CPPUNIT\DEBUG\TEST.OBJ
D:\PROJECTS\THREAD\THREAD\CPPUNIT-1.12.1\SRC\CPPUNIT\DEBUG\TESTASSERT.OBJ
D:\PROJECTS\THREAD\THREAD\CPPUNIT-1.12.1\SRC\CPPUNIT\DEBUG\TESTCASE.OBJ
D:\PROJECTS\THREAD\THREAD\CPPUNIT-1.12.1\SRC\CPPUNIT\DEBUG\TESTCASEDECORATOR.OBJ
D:\PROJECTS\THREAD\THREAD\CPPUNIT-1.12.1\SRC\CPPUNIT\DEBUG\TESTCOMPOSITE.OBJ
D:\PROJECTS\THREAD\THREAD\CPPUNIT-1.12.1\SRC\CPPUNIT\DEBUG\TESTDECORATOR.OBJ
D:\PROJECTS\THREAD\THREAD\CPPUNIT-1.12.1\SRC\CPPUNIT\DEBUG\TESTFACTORYREGISTRY.OBJ
D:\PROJECTS\THREAD\THREAD\CPPUNIT-1.12.1\SRC\CPPUNIT\DEBUG\TESTFAILURE.OBJ
D:\PROJECTS\THREAD\THREAD\CPPUNIT-1.12.1\SRC\CPPUNIT\DEBUG\TESTLEAF.OBJ
D:\PROJECTS\THREAD\THREAD\CPPUNIT-1.12.1\SRC\CPPUNIT\DEBUG\TESTNAMER.OBJ
D:\PROJECTS\THREAD\THREAD\CPPUNIT-1.12.1\SRC\CPPUNIT\DEBUG\TESTPATH.OBJ
D:\PROJECTS\THREAD\THREAD\CPPUNIT-1.12.1\SRC\CPPUNIT\DEBUG\TESTPLUGINDEFAULTIMPL.OBJ
D:\PROJECTS\THREAD\THREAD\CPPUNIT-1.12.1\SRC\CPPUNIT\DEBUG\TESTRESULT.OBJ
D:\PROJECTS\THREAD\THREAD\CPPUNIT-1.12.1\SRC\CPPUNIT\DEBUG\TESTRESULTCOLLECTOR.OBJ
D:\PROJECTS\THREAD\THREAD\CPPUNIT-1.12.1\SRC\CPPUNIT\DEBUG\TESTRUNNER.OBJ
D:\PROJECTS\THREAD\THREAD\CPPUNIT-1.12.1\SRC\CPPUNIT\DEBUG\TESTSETUP.OBJ
D:\PROJECTS\THREAD\THREAD\CPPUNIT-1.12.1\SRC\CPPUNIT\DEBUG\TESTSUCCESSLISTENER.OBJ
D:\PROJECTS\THREAD\THREAD\CPPUNIT-1.12.1\SRC\CPPUNIT\DEBUG\TESTSUITE.OBJ
D:\PROJECTS\THREAD\THREAD\CPPUNIT-1.12.1\SRC\CPPUNIT\DEBUG\TESTSUITEBUILDERCONTEXT.OBJ
D:\PROJECTS\THREAD\THREAD\CPPUNIT-1.12.1\SRC\CPPUNIT\DEBUG\TEXTOUTPUTTER.OBJ
D:\PROJECTS\THREAD\THREAD\CPPUNIT-1.12.1\SRC\CPPUNIT\DEBUG\TEXTTESTPROGRESSLISTENER.OBJ
D:\PROJECTS\THREAD\THREAD\CPPUNIT-1.12.1\SRC\CPPUNIT\DEBUG\TEXTTESTRESULT.OBJ
D:\PROJECTS\THREAD\THREAD\CPPUNIT-1.12.1\SRC\CPPUNIT\DEBUG\TEXTTESTRUNNER.OBJ
D:\PROJECTS\THREAD\THREAD\CPPUNIT-1.12.1\SRC\CPPUNIT\DEBUG\TYPEINFOHELPER.OBJ
D:\PROJECTS\THREAD\THREAD\CPPUNIT-1.12.1\SRC\CPPUNIT\DEBUG\UNIXDYNAMICLIBRARYMANAGER.OBJ
D:\PROJECTS\THREAD\THREAD\CPPUNIT-1.12.1\SRC\CPPUNIT\DEBUG\VC100.PDB
D:\PROJECTS\THREAD\THREAD\CPPUNIT-1.12.1\SRC\CPPUNIT\DEBUG\WIN32DYNAMICLIBRARYMANAGER.OBJ
D:\PROJECTS\THREAD\THREAD\CPPUNIT-1.12.1\SRC\CPPUNIT\DEBUG\XMLDOCUMENT.OBJ
D:\PROJECTS\THREAD\THREAD\CPPUNIT-1.12.1\SRC\CPPUNIT\DEBUG\XMLELEMENT.OBJ
D:\PROJECTS\THREAD\THREAD\CPPUNIT-1.12.1\SRC\CPPUNIT\DEBUG\XMLOUTPUTTER.OBJ
D:\PROJECTS\THREAD\THREAD\CPPUNIT-1.12.1\SRC\CPPUNIT\DEBUG\XMLOUTPUTTERHOOK.OBJ
D:\projects\Thread\Thread\cppunit-1.12.1\src\cppunit\Debug_vs10\cl.command.1.tlog
D:\projects\Thread\Thread\cppunit-1.12.1\src\cppunit\Debug_vs10\CL.read.1.tlog
D:\projects\Thread\Thread\cppunit-1.12.1\src\cppunit\Debug_vs10\CL.write.1.tlog
D:\projects\Thread\Thread\cppunit-1.12.1\src\cppunit\Debug_vs10\cppunit_vs10.write.1.tlog
D:\PROJECTS\THREAD\THREAD\CPPUNIT-1.12.1\SRC\CPPUNIT\DEBUG_VS10\CPPUNITD.LIB
D:\projects\Thread\Thread\cppunit-1.12.1\src\cppunit\Debug_vs10\lib.command.1.tlog
D:\projects\Thread\Thread\cppunit-1.12.1\src\cppunit\Debug_vs10\Lib-link.read.1.tlog
D:\projects\Thread\Thread\cppunit-1.12.1\src\cppunit\Debug_vs10\Lib-link.write.1.tlog
